Arguments: 
  /Users/kyle/.nvm/versions/node/v16.13.0/bin/node /Users/kyle/.nvm/versions/node/v16.13.0/bin/yarn test

PATH: 
  /Users/kyle/.nvm/versions/node/v16.13.0/bin:/usr/local/bin:/usr/bin:/bin:/usr/sbin:/sbin:/usr/kyle/Documents/gitui:/Users/kyle/.nvm/versions/node/v16.13.0/bin:/opt/homebrew/bin:/opt/homebrew/sbin

Yarn version: 
  1.22.17

Node version: 
  16.13.0

Platform: 
  darwin arm64

Trace: 
  SyntaxError: /Users/kyle/Desktop/pretty-log/package.json: Unexpected token } in JSON at position 436
      at JSON.parse (<anonymous>)
      at /Users/kyle/.nvm/versions/node/v16.13.0/lib/node_modules/yarn/lib/cli.js:1625:59
      at Generator.next (<anonymous>)
      at step (/Users/kyle/.nvm/versions/node/v16.13.0/lib/node_modules/yarn/lib/cli.js:310:30)
      at /Users/kyle/.nvm/versions/node/v16.13.0/lib/node_modules/yarn/lib/cli.js:321:13

npm manifest: 
  {
    "name": "pretty-log",
    "version": "1.0.0",
    "main": "app.ts",
    "author": "Kyle Johnson",
    "type": "module",
    "license": "GPL",
    "private": false,
    "dependencies": {
      "@types/pump": "^1.1.1",
      "chalk": "^5.0.0",
      "pump": "^3.0.0",
      "typescript": "^4.5.2"
    },
    "bin": {
      "pretty-log": "bin/app.js",
      "testing": "bin/test.js"
    },
    "scripts": {
      "test": "tsc && npm i -g && testing | pretty-log",
      
    },
    "devDependencies": {
      "@types/node": "^16.11.11"
    }
  }

yarn manifest: 
  No manifest

Lockfile: 
  # THIS IS AN AUTOGENERATED FILE. DO NOT EDIT THIS FILE DIRECTLY.
  # yarn lockfile v1
  
  
  "@types/node@*", "@types/node@^16.11.11":
    version "16.11.11"
    resolved "https://registry.npmjs.org/@types/node/-/node-16.11.11.tgz"
    integrity sha512-KB0sixD67CeecHC33MYn+eYARkqTheIRNuu97y2XMjR7Wu3XibO1vaY6VBV6O/a89SPI81cEUIYT87UqUWlZNw==
  
  "@types/pump@^1.1.1":
    version "1.1.1"
    resolved "https://registry.yarnpkg.com/@types/pump/-/pump-1.1.1.tgz#edb3475e2bad0f4552bdaa91c6c43b82e08ff15e"
    integrity sha512-wpRerjHDxFBQ4r8XNv3xHJZeuqrBBoeQ/fhgkooV2F7KsPIYRROb/+f9ODgZfOEyO5/w2ej4YQdpPPXipT8DAA==
    dependencies:
      "@types/node" "*"
  
  chalk@^5.0.0:
    version "5.0.0"
    resolved "https://registry.npmjs.org/chalk/-/chalk-5.0.0.tgz"
    integrity sha512-/duVOqst+luxCQRKEo4bNxinsOQtMP80ZYm7mMqzuh5PociNL0PvmHFvREJ9ueYL2TxlHjBcmLCdmocx9Vg+IQ==
  
  end-of-stream@^1.1.0:
    version "1.4.4"
    resolved "https://registry.yarnpkg.com/end-of-stream/-/end-of-stream-1.4.4.tgz#5ae64a5f45057baf3626ec14da0ca5e4b2431eb0"
    integrity sha512-+uw1inIHVPQoaVuHzRyXd21icM+cnt4CzD5rW+NC1wjOUSTOs+Te7FOv7AhN7vS9x/oIyhLP5PR1H+phQAHu5Q==
    dependencies:
      once "^1.4.0"
  
  once@^1.3.1, once@^1.4.0:
    version "1.4.0"
    resolved "https://registry.yarnpkg.com/once/-/once-1.4.0.tgz#583b1aa775961d4b113ac17d9c50baef9dd76bd1"
    integrity sha1-WDsap3WWHUsROsF9nFC6753Xa9E=
    dependencies:
      wrappy "1"
  
  pump@^3.0.0:
    version "3.0.0"
    resolved "https://registry.yarnpkg.com/pump/-/pump-3.0.0.tgz#b4a2116815bde2f4e1ea602354e8c75565107a64"
    integrity sha512-LwZy+p3SFs1Pytd/jYct4wpv49HiYCqd9Rlc5ZVdk0V+8Yzv6jR5Blk3TRmPL1ft69TxP0IMZGJ+WPFU2BFhww==
    dependencies:
      end-of-stream "^1.1.0"
      once "^1.3.1"
  
  typescript@^4.5.2:
    version "4.5.2"
    resolved "https://registry.npmjs.org/typescript/-/typescript-4.5.2.tgz"
    integrity sha512-5BlMof9H1yGt0P8/WF+wPNw6GfctgGjXp5hkblpyT+8rkASSmkUKMXrxR0Xg8ThVCi/JnHQiKXeBaEwCeQwMFw==
  
  wrappy@1:
    version "1.0.2"
    resolved "https://registry.yarnpkg.com/wrappy/-/wrappy-1.0.2.tgz#b5243d8f3ec1aa35f1364605bc0d1036e30ab69f"
    integrity sha1-tSQ9jz7BqjXxNkYFvA0QNuMKtp8=
